python src/scripts/run_single.py
sagemaker.config INFO - Not applying SDK defaults from location: /opt/homebrew/share/sagemaker/config.yaml
sagemaker.config INFO - Not applying SDK defaults from location: /Users/dohyunjung/Library/Application Support/sagemaker/config.yaml
INFO:sagemaker.image_uris:image_uri is not presented, retrieving image_uri based on instance_type, framework etc.
INFO:sagemaker:Creating training-job with name: autoresearch-gen999-single-1776427440
INFO:botocore.credentials:Found credentials in shared credentials file: ~/.aws/credentials
============================================================
Single Experiment Runner
============================================================
  train.py: /Users/dohyunjung/Workspace/roboco-io/research/serverless-autoresearch/train.py
  Instance: ml.p5.4xlarge
  Spot:     True
  Dry run:  False


[1/1] autoresearch-gen999-single-1776427440
  Candidate: single — single experiment test

============================================================
Generation 999: 1/1 jobs submitted

Waiting for completion...

Waiting for 1 jobs (timeout: 1200s, poll: 15s)
  [0s] 1 jobs still running...
  [16s] 1 jobs still running...
  [31s] 1 jobs still running...
  [46s] 1 jobs still running...
  [62s] 1 jobs still running...
  [77s] 1 jobs still running...
  [92s] 1 jobs still running...
  [107s] 1 jobs still running...
  [123s] 1 jobs still running...
  [138s] 1 jobs still running...
  [153s] 1 jobs still running...
  [168s] 1 jobs still running...
  [184s] 1 jobs still running...
  [199s] 1 jobs still running...
  [214s] 1 jobs still running...
  [229s] 1 jobs still running...
  [245s] 1 jobs still running...
  [261s] 1 jobs still running...
  [276s] 1 jobs still running...
  [291s] 1 jobs still running...
  [306s] 1 jobs still running...
  [322s] 1 jobs still running...
  [337s] 1 jobs still running...
  [352s] 1 jobs still running...
  [367s] 1 jobs still running...
  [383s] 1 jobs still running...
  [398s] 1 jobs still running...
  [414s] 1 jobs still running...
  [429s] 1 jobs still running...
  [444s] 1 jobs still running...
  [460s] 1 jobs still running...
  [475s] 1 jobs still running...
  [490s] 1 jobs still running...
  [505s] 1 jobs still running...
  [521s] 1 jobs still running...
  [536s] 1 jobs still running...
  [551s] 1 jobs still running...
  [566s] 1 jobs still running...
  [581s] 1 jobs still running...
  [597s] 1 jobs still running...
  [612s] 1 jobs still running...
  [627s] 1 jobs still running...
  [642s] 1 jobs still running...
  [658s] 1 jobs still running...
  [674s] 1 jobs still running...
  [689s] 1 jobs still running...
  [704s] 1 jobs still running...
  DONE: single — val_bpb=1.0033960342407227

============================================================
Results:
  Status:      success
  val_bpb:     1.0033960342407227
  peak_vram:   22853.19921875 MB
  mfu:         38.40999984741211%
  Billable:    236s
  Est. cost:   $0.0197
============================================================
