python src/scripts/run_single.py
sagemaker.config INFO - Not applying SDK defaults from location: /opt/homebrew/share/sagemaker/config.yaml
sagemaker.config INFO - Not applying SDK defaults from location: /Users/dohyunjung/Library/Application Support/sagemaker/config.yaml
INFO:sagemaker.image_uris:image_uri is not presented, retrieving image_uri based on instance_type, framework etc.
INFO:sagemaker:Creating training-job with name: autoresearch-gen999-single-1776426836
INFO:botocore.credentials:Found credentials in shared credentials file: ~/.aws/credentials
============================================================
Single Experiment Runner
============================================================
  train.py: /Users/dohyunjung/Workspace/roboco-io/research/serverless-autoresearch/train.py
  Instance: ml.p5.4xlarge
  Spot:     True
  Dry run:  False


[1/1] autoresearch-gen999-single-1776426836
  Candidate: single — single experiment test

============================================================
Generation 999: 1/1 jobs submitted

Waiting for completion...

Waiting for 1 jobs (timeout: 1200s, poll: 15s)
  [0s] 1 jobs still running...
  [16s] 1 jobs still running...
  [31s] 1 jobs still running...
  [46s] 1 jobs still running...
  [61s] 1 jobs still running...
  [77s] 1 jobs still running...
  [92s] 1 jobs still running...
  [107s] 1 jobs still running...
  [122s] 1 jobs still running...
  [138s] 1 jobs still running...
  [153s] 1 jobs still running...
  [168s] 1 jobs still running...
  [183s] 1 jobs still running...
  [198s] 1 jobs still running...
  [214s] 1 jobs still running...
  [229s] 1 jobs still running...
  [244s] 1 jobs still running...
  [260s] 1 jobs still running...
  [275s] 1 jobs still running...
  [291s] 1 jobs still running...
  [306s] 1 jobs still running...
  [321s] 1 jobs still running...
  [336s] 1 jobs still running...
  [352s] 1 jobs still running...
  [367s] 1 jobs still running...
  [382s] 1 jobs still running...
  [397s] 1 jobs still running...
  [413s] 1 jobs still running...
  [428s] 1 jobs still running...
  [443s] 1 jobs still running...
  DONE: single — val_bpb=N/A

============================================================
Results:
  Status:      success
  val_bpb:     N/A
  peak_vram:   N/A MB
  mfu:         N/A%
  Billable:    132s
  Est. cost:   $0.0110
============================================================
