python src/scripts/run_single.py
sagemaker.config INFO - Not applying SDK defaults from location: /opt/homebrew/share/sagemaker/config.yaml
sagemaker.config INFO - Not applying SDK defaults from location: /Users/dohyunjung/Library/Application Support/sagemaker/config.yaml
INFO:sagemaker.image_uris:image_uri is not presented, retrieving image_uri based on instance_type, framework etc.
INFO:sagemaker:Creating training-job with name: autoresearch-gen999-single-1776432512
INFO:botocore.credentials:Found credentials in shared credentials file: ~/.aws/credentials
============================================================
Single Experiment Runner
============================================================
  train.py: /Users/dohyunjung/Workspace/roboco-io/research/serverless-autoresearch/train.py
  Instance: ml.p5.4xlarge
  Spot:     True
  Dry run:  False


[1/1] autoresearch-gen999-single-1776432512
  Candidate: single — single experiment test

============================================================
Generation 999: 1/1 jobs submitted

Waiting for completion...

Waiting for 1 jobs (timeout: 1200s, poll: 15s)
  [0s] 1 jobs still running...
  [16s] 1 jobs still running...
  [31s] 1 jobs still running...
  [46s] 1 jobs still running...
  [61s] 1 jobs still running...
  [76s] 1 jobs still running...
  [92s] 1 jobs still running...
  [107s] 1 jobs still running...
  [122s] 1 jobs still running...
  [137s] 1 jobs still running...
  [153s] 1 jobs still running...
  [169s] 1 jobs still running...
  [184s] 1 jobs still running...
  [199s] 1 jobs still running...
  [214s] 1 jobs still running...
  [230s] 1 jobs still running...
  [245s] 1 jobs still running...
  [260s] 1 jobs still running...
  [275s] 1 jobs still running...
  [291s] 1 jobs still running...
  [306s] 1 jobs still running...
  [321s] 1 jobs still running...
  [336s] 1 jobs still running...
  [351s] 1 jobs still running...
  [367s] 1 jobs still running...
  [382s] 1 jobs still running...
  [397s] 1 jobs still running...
  [412s] 1 jobs still running...
  [428s] 1 jobs still running...
  [444s] 1 jobs still running...
  [459s] 1 jobs still running...
  [474s] 1 jobs still running...
  [489s] 1 jobs still running...
  [505s] 1 jobs still running...
  [520s] 1 jobs still running...
  [535s] 1 jobs still running...
  [550s] 1 jobs still running...
  [566s] 1 jobs still running...
  [581s] 1 jobs still running...
  [597s] 1 jobs still running...
  [612s] 1 jobs still running...
  [627s] 1 jobs still running...
  [642s] 1 jobs still running...
  [658s] 1 jobs still running...
  DONE: single — val_bpb=0.9951469898223877

============================================================
Results:
  Status:      success
  val_bpb:     0.9951469898223877
  peak_vram:   45060.19921875 MB
  mfu:         39.400001525878906%
  Billable:    229s
  Est. cost:   $0.0191
============================================================
